2018-03-19 21:16:05 850  INFO DefaultTestContextBootstrapper:260 - Loaded default TestExecutionListener class names from location [META-INF/spring.factories]: [org.springframework.test.context.web.ServletTestExecutionListener, org.springframework.test.context.support.DirtiesContextBeforeModesTestExecutionListener, org.springframework.test.context.support.DependencyInjectionTestExecutionListener, org.springframework.test.context.support.DirtiesContextTestExecutionListener, org.springframework.test.context.transaction.TransactionalTestExecutionListener, org.springframework.test.context.jdbc.SqlScriptsTestExecutionListener]
2018-03-19 21:16:05 890  INFO DefaultTestContextBootstrapper:187 - Using TestExecutionListeners: [org.springframework.test.context.web.ServletTestExecutionListener@6767c1fc, org.springframework.test.context.support.DirtiesContextBeforeModesTestExecutionListener@29ee9faa, org.springframework.test.context.support.DependencyInjectionTestExecutionListener@c038203, org.springframework.test.context.support.DirtiesContextTestExecutionListener@cc285f4, org.springframework.test.context.transaction.TransactionalTestExecutionListener@55f3ddb1, org.springframework.test.context.jdbc.SqlScriptsTestExecutionListener@8bd1b6a]
2018-03-19 21:16:05 987  INFO XmlBeanDefinitionReader:317 - Loading XML bean definitions from class path resource [spring-core.xml]
2018-03-19 21:16:06 401  INFO XmlBeanDefinitionReader:317 - Loading XML bean definitions from class path resource [Mybatis-spring.xml]
2018-03-19 21:16:06 467  INFO GenericApplicationContext:583 - Refreshing org.springframework.context.support.GenericApplicationContext@5649fd9b: startup date [Mon Mar 19 21:16:06 CST 2018]; root of context hierarchy
2018-03-19 21:16:06 888  INFO MLog:80 - MLog clients using log4j logging.
2018-03-19 21:16:07 724  INFO C3P0Registry:204 - Initializing c3p0-0.9.1.1 [built 15-March-2007 01:32:31; debug? true; trace: 10]
2018-03-19 21:16:08 224  INFO SimpleUrlHandlerMapping:362 - Mapped URL path [/**] onto handler 'org.springframework.web.servlet.resource.DefaultServletHttpRequestHandler#0'
2018-03-19 21:16:08 355  INFO RequestMappingHandlerAdapter:534 - Looking for @ControllerAdvice: org.springframework.context.support.GenericApplicationContext@5649fd9b: startup date [Mon Mar 19 21:16:06 CST 2018]; root of context hierarchy
2018-03-19 21:16:08 458  INFO RequestMappingHandlerAdapter:534 - Looking for @ControllerAdvice: org.springframework.context.support.GenericApplicationContext@5649fd9b: startup date [Mon Mar 19 21:16:06 CST 2018]; root of context hierarchy
2018-03-19 21:16:08 641  INFO AbstractPoolBackedDataSource:462 - Initializing c3p0 pool... com.mchange.v2.c3p0.ComboPooledDataSource [ acquireIncrement -> 3, acquireRetryAttempts -> 30, acquireRetryDelay -> 1000, autoCommitOnClose -> false, automaticTestTable -> null, breakAfterAcquireFailure -> false, checkoutTimeout -> 0, connectionCustomizerClassName -> null, connectionTesterClassName -> com.mchange.v2.c3p0.impl.DefaultConnectionTester, dataSourceName -> 1hgearm9uhbbnbt1at85v8|5fa07e12, debugUnreturnedConnectionStackTraces -> false, description -> null, driverClass -> com.mysql.jdbc.Driver, factoryClassLocation -> null, forceIgnoreUnresolvedTransactions -> false, identityToken -> 1hgearm9uhbbnbt1at85v8|5fa07e12, idleConnectionTestPeriod -> 0, initialPoolSize -> 3, jdbcUrl -> jdbc:mysql://localhost:3306/mybatis_oa, lastAcquisitionFailureDefaultUser -> null, maxAdministrativeTaskTime -> 0, maxConnectionAge -> 0, maxIdleTime -> 0, maxIdleTimeExcessConnections -> 0, maxPoolSize -> 15, maxStatements -> 0, maxStatementsPerConnection -> 0, minPoolSize -> 3, numHelperThreads -> 3, numThreadsAwaitingCheckoutDefaultUser -> 0, preferredTestQuery -> null, properties -> {user=******, password=******}, propertyCycle -> 0, testConnectionOnCheckin -> false, testConnectionOnCheckout -> false, unreturnedConnectionTimeout -> 0, usesTraditionalReflectiveProxies -> false ]
2018-03-19 21:16:09 070  INFO UsersTest:29 - 赵日天
2018-03-19 21:16:09 073  INFO GenericApplicationContext:984 - Closing org.springframework.context.support.GenericApplicationContext@5649fd9b: startup date [Mon Mar 19 21:16:06 CST 2018]; root of context hierarchy
2018-03-19 21:30:45 347  INFO DefaultTestContextBootstrapper:260 - Loaded default TestExecutionListener class names from location [META-INF/spring.factories]: [org.springframework.test.context.web.ServletTestExecutionListener, org.springframework.test.context.support.DirtiesContextBeforeModesTestExecutionListener, org.springframework.test.context.support.DependencyInjectionTestExecutionListener, org.springframework.test.context.support.DirtiesContextTestExecutionListener, org.springframework.test.context.transaction.TransactionalTestExecutionListener, org.springframework.test.context.jdbc.SqlScriptsTestExecutionListener]
2018-03-19 21:30:45 373  INFO DefaultTestContextBootstrapper:187 - Using TestExecutionListeners: [org.springframework.test.context.web.ServletTestExecutionListener@6767c1fc, org.springframework.test.context.support.DirtiesContextBeforeModesTestExecutionListener@29ee9faa, org.springframework.test.context.support.DependencyInjectionTestExecutionListener@c038203, org.springframework.test.context.support.DirtiesContextTestExecutionListener@cc285f4, org.springframework.test.context.transaction.TransactionalTestExecutionListener@55f3ddb1, org.springframework.test.context.jdbc.SqlScriptsTestExecutionListener@8bd1b6a]
2018-03-19 21:30:45 464  INFO XmlBeanDefinitionReader:317 - Loading XML bean definitions from class path resource [spring-core.xml]
2018-03-19 21:30:45 830  INFO XmlBeanDefinitionReader:317 - Loading XML bean definitions from class path resource [Mybatis-spring.xml]
2018-03-19 21:30:45 894  INFO GenericApplicationContext:583 - Refreshing org.springframework.context.support.GenericApplicationContext@5649fd9b: startup date [Mon Mar 19 21:30:45 CST 2018]; root of context hierarchy
2018-03-19 21:30:46 402  INFO MLog:80 - MLog clients using log4j logging.
2018-03-19 21:30:47 162  INFO C3P0Registry:204 - Initializing c3p0-0.9.1.1 [built 15-March-2007 01:32:31; debug? true; trace: 10]
2018-03-19 21:30:47 643  INFO SimpleUrlHandlerMapping:362 - Mapped URL path [/**] onto handler 'org.springframework.web.servlet.resource.DefaultServletHttpRequestHandler#0'
2018-03-19 21:30:47 775  INFO RequestMappingHandlerAdapter:534 - Looking for @ControllerAdvice: org.springframework.context.support.GenericApplicationContext@5649fd9b: startup date [Mon Mar 19 21:30:45 CST 2018]; root of context hierarchy
2018-03-19 21:30:47 821  INFO RequestMappingHandlerAdapter:534 - Looking for @ControllerAdvice: org.springframework.context.support.GenericApplicationContext@5649fd9b: startup date [Mon Mar 19 21:30:45 CST 2018]; root of context hierarchy
2018-03-19 21:30:47 850  WARN GenericApplicationContext:551 - Exception encountered during context initialization - cancelling refresh attempt: org.springframework.beans.factory.BeanCreationException: Error creating bean with name 'transactionManager': Failed to introspect bean class [org.springframework.transaction.jta.JtaTransactionManager] for lookup method metadata: could not find class that it depends on; nested exception is java.lang.NoClassDefFoundError: javax/transaction/SystemException
2018-03-19 21:30:47 854 ERROR TestContextManager:234 - Caught exception while allowing TestExecutionListener [org.springframework.test.context.support.DependencyInjectionTestExecutionListener@c038203] to prepare test instance [com.qianfeng.mybatis.test.UsersTest@36060e]
java.lang.IllegalStateException: Failed to load ApplicationContext
	at org.springframework.test.context.cache.DefaultCacheAwareContextLoaderDelegate.loadContext(DefaultCacheAwareContextLoaderDelegate.java:124)
	at org.springframework.test.context.support.DefaultTestContext.getApplicationContext(DefaultTestContext.java:83)
	at org.springframework.test.context.support.DependencyInjectionTestExecutionListener.injectDependencies(DependencyInjectionTestExecutionListener.java:117)
	at org.springframework.test.context.support.DependencyInjectionTestExecutionListener.prepareTestInstance(DependencyInjectionTestExecutionListener.java:83)
	at org.springframework.test.context.TestContextManager.prepareTestInstance(TestContextManager.java:230)
	at org.springframework.test.context.junit4.SpringJUnit4ClassRunner.createTest(SpringJUnit4ClassRunner.java:228)
	at org.springframework.test.context.junit4.SpringJUnit4ClassRunner$1.runReflectiveCall(SpringJUnit4ClassRunner.java:287)
	at org.junit.internal.runners.model.ReflectiveCallable.run(ReflectiveCallable.java:12)
	at org.springframework.test.context.junit4.SpringJUnit4ClassRunner.methodBlock(SpringJUnit4ClassRunner.java:289)
	at org.springframework.test.context.junit4.SpringJUnit4ClassRunner.runChild(SpringJUnit4ClassRunner.java:247)
	at org.springframework.test.context.junit4.SpringJUnit4ClassRunner.runChild(SpringJUnit4ClassRunner.java:94)
	at org.junit.runners.ParentRunner$3.run(ParentRunner.java:290)
	at org.junit.runners.ParentRunner$1.schedule(ParentRunner.java:71)
	at org.junit.runners.ParentRunner.runChildren(ParentRunner.java:288)
	at org.junit.runners.ParentRunner.access$000(ParentRunner.java:58)
	at org.junit.runners.ParentRunner$2.evaluate(ParentRunner.java:268)
	at org.springframework.test.context.junit4.statements.RunBeforeTestClassCallbacks.evaluate(RunBeforeTestClassCallbacks.java:61)
	at org.springframework.test.context.junit4.statements.RunAfterTestClassCallbacks.evaluate(RunAfterTestClassCallbacks.java:70)
	at org.junit.runners.ParentRunner.run(ParentRunner.java:363)
	at org.springframework.test.context.junit4.SpringJUnit4ClassRunner.run(SpringJUnit4ClassRunner.java:191)
	at org.junit.runner.JUnitCore.run(JUnitCore.java:137)
	at com.intellij.junit4.JUnit4IdeaTestRunner.startRunnerWithArgs(JUnit4IdeaTestRunner.java:119)
	at com.intellij.junit4.JUnit4IdeaTestRunner.startRunnerWithArgs(JUnit4IdeaTestRunner.java:42)
	at com.intellij.rt.execution.junit.JUnitStarter.prepareStreamsAndStart(JUnitStarter.java:234)
	at com.intellij.rt.execution.junit.JUnitStarter.main(JUnitStarter.java:74)
	at sun.reflect.NativeMethodAccessorImpl.invoke0(Native Method)
	at sun.reflect.NativeMethodAccessorImpl.invoke(NativeMethodAccessorImpl.java:62)
	at sun.reflect.DelegatingMethodAccessorImpl.invoke(DelegatingMethodAccessorImpl.java:43)
	at java.lang.reflect.Method.invoke(Method.java:498)
	at com.intellij.rt.execution.application.AppMain.main(AppMain.java:144)
Caused by: org.springframework.beans.factory.BeanCreationException: Error creating bean with name 'transactionManager': Failed to introspect bean class [org.springframework.transaction.jta.JtaTransactionManager] for lookup method metadata: could not find class that it depends on; nested exception is java.lang.NoClassDefFoundError: javax/transaction/SystemException
	at org.springframework.beans.factory.annotation.AutowiredAnnotationBeanPostProcessor.determineCandidateConstructors(AutowiredAnnotationBeanPostProcessor.java:269)
	at org.springframework.beans.factory.support.AbstractAutowireCapableBeanFactory.determineConstructorsFromBeanPostProcessors(AbstractAutowireCapableBeanFactory.java:1118)
	at org.springframework.beans.factory.support.AbstractAutowireCapableBeanFactory.createBeanInstance(AbstractAutowireCapableBeanFactory.java:1091)
	at org.springframework.beans.factory.support.AbstractAutowireCapableBeanFactory.doCreateBean(AbstractAutowireCapableBeanFactory.java:513)
	at org.springframework.beans.factory.support.AbstractAutowireCapableBeanFactory.createBean(AbstractAutowireCapableBeanFactory.java:483)
	at org.springframework.beans.factory.support.AbstractBeanFactory$1.getObject(AbstractBeanFactory.java:306)
	at org.springframework.beans.factory.support.DefaultSingletonBeanRegistry.getSingleton(DefaultSingletonBeanRegistry.java:230)
	at org.springframework.beans.factory.support.AbstractBeanFactory.doGetBean(AbstractBeanFactory.java:302)
	at org.springframework.beans.factory.support.AbstractBeanFactory.getBean(AbstractBeanFactory.java:197)
	at org.springframework.beans.factory.support.DefaultListableBeanFactory.preInstantiateSingletons(DefaultListableBeanFactory.java:761)
	at org.springframework.context.support.AbstractApplicationContext.finishBeanFactoryInitialization(AbstractApplicationContext.java:867)
	at org.springframework.context.support.AbstractApplicationContext.refresh(AbstractApplicationContext.java:543)
	at org.springframework.test.context.support.AbstractGenericContextLoader.loadContext(AbstractGenericContextLoader.java:128)
	at org.springframework.test.context.support.AbstractGenericContextLoader.loadContext(AbstractGenericContextLoader.java:60)
	at org.springframework.test.context.support.AbstractDelegatingSmartContextLoader.delegateLoading(AbstractDelegatingSmartContextLoader.java:108)
	at org.springframework.test.context.support.AbstractDelegatingSmartContextLoader.loadContext(AbstractDelegatingSmartContextLoader.java:251)
	at org.springframework.test.context.cache.DefaultCacheAwareContextLoaderDelegate.loadContextInternal(DefaultCacheAwareContextLoaderDelegate.java:98)
	at org.springframework.test.context.cache.DefaultCacheAwareContextLoaderDelegate.loadContext(DefaultCacheAwareContextLoaderDelegate.java:116)
	... 29 more
Caused by: java.lang.NoClassDefFoundError: javax/transaction/SystemException
	at java.lang.Class.getDeclaredMethods0(Native Method)
	at java.lang.Class.privateGetDeclaredMethods(Class.java:2701)
	at java.lang.Class.getDeclaredMethods(Class.java:1975)
	at org.springframework.util.ReflectionUtils.getDeclaredMethods(ReflectionUtils.java:613)
	at org.springframework.util.ReflectionUtils.doWithMethods(ReflectionUtils.java:524)
	at org.springframework.util.ReflectionUtils.doWithMethods(ReflectionUtils.java:510)
	at org.springframework.beans.factory.annotation.AutowiredAnnotationBeanPostProcessor.determineCandidateConstructors(AutowiredAnnotationBeanPostProcessor.java:247)
	... 46 more
Caused by: java.lang.ClassNotFoundException: javax.transaction.SystemException
	at java.net.URLClassLoader.findClass(URLClassLoader.java:381)
	at java.lang.ClassLoader.loadClass(ClassLoader.java:424)
	at sun.misc.Launcher$AppClassLoader.loadClass(Launcher.java:331)
	at java.lang.ClassLoader.loadClass(ClassLoader.java:357)
	... 53 more
2018-03-19 21:31:35 996  INFO DefaultTestContextBootstrapper:260 - Loaded default TestExecutionListener class names from location [META-INF/spring.factories]: [org.springframework.test.context.web.ServletTestExecutionListener, org.springframework.test.context.support.DirtiesContextBeforeModesTestExecutionListener, org.springframework.test.context.support.DependencyInjectionTestExecutionListener, org.springframework.test.context.support.DirtiesContextTestExecutionListener, org.springframework.test.context.transaction.TransactionalTestExecutionListener, org.springframework.test.context.jdbc.SqlScriptsTestExecutionListener]
2018-03-19 21:31:36 024  INFO DefaultTestContextBootstrapper:187 - Using TestExecutionListeners: [org.springframework.test.context.web.ServletTestExecutionListener@6767c1fc, org.springframework.test.context.support.DirtiesContextBeforeModesTestExecutionListener@29ee9faa, org.springframework.test.context.support.DependencyInjectionTestExecutionListener@c038203, org.springframework.test.context.support.DirtiesContextTestExecutionListener@cc285f4, org.springframework.test.context.transaction.TransactionalTestExecutionListener@55f3ddb1, org.springframework.test.context.jdbc.SqlScriptsTestExecutionListener@8bd1b6a]
2018-03-19 21:31:36 122  INFO XmlBeanDefinitionReader:317 - Loading XML bean definitions from class path resource [spring-core.xml]
2018-03-19 21:31:36 463  INFO XmlBeanDefinitionReader:317 - Loading XML bean definitions from class path resource [Mybatis-spring.xml]
2018-03-19 21:31:36 523  INFO GenericApplicationContext:583 - Refreshing org.springframework.context.support.GenericApplicationContext@5649fd9b: startup date [Mon Mar 19 21:31:36 CST 2018]; root of context hierarchy
2018-03-19 21:31:37 134  INFO MLog:80 - MLog clients using log4j logging.
2018-03-19 21:31:37 800  INFO C3P0Registry:204 - Initializing c3p0-0.9.1.1 [built 15-March-2007 01:32:31; debug? true; trace: 10]
2018-03-19 21:31:38 230  INFO SimpleUrlHandlerMapping:362 - Mapped URL path [/**] onto handler 'org.springframework.web.servlet.resource.DefaultServletHttpRequestHandler#0'
2018-03-19 21:31:38 343  INFO RequestMappingHandlerAdapter:534 - Looking for @ControllerAdvice: org.springframework.context.support.GenericApplicationContext@5649fd9b: startup date [Mon Mar 19 21:31:36 CST 2018]; root of context hierarchy
2018-03-19 21:31:38 460  INFO RequestMappingHandlerAdapter:534 - Looking for @ControllerAdvice: org.springframework.context.support.GenericApplicationContext@5649fd9b: startup date [Mon Mar 19 21:31:36 CST 2018]; root of context hierarchy
2018-03-19 21:31:38 623  INFO AbstractPoolBackedDataSource:462 - Initializing c3p0 pool... com.mchange.v2.c3p0.ComboPooledDataSource [ acquireIncrement -> 3, acquireRetryAttempts -> 30, acquireRetryDelay -> 1000, autoCommitOnClose -> false, automaticTestTable -> null, breakAfterAcquireFailure -> false, checkoutTimeout -> 0, connectionCustomizerClassName -> null, connectionTesterClassName -> com.mchange.v2.c3p0.impl.DefaultConnectionTester, dataSourceName -> 1hgearm9uhbvl31l3epgb|5fa07e12, debugUnreturnedConnectionStackTraces -> false, description -> null, driverClass -> com.mysql.jdbc.Driver, factoryClassLocation -> null, forceIgnoreUnresolvedTransactions -> false, identityToken -> 1hgearm9uhbvl31l3epgb|5fa07e12, idleConnectionTestPeriod -> 0, initialPoolSize -> 3, jdbcUrl -> jdbc:mysql://localhost:3306/mybatis_oa, lastAcquisitionFailureDefaultUser -> null, maxAdministrativeTaskTime -> 0, maxConnectionAge -> 0, maxIdleTime -> 0, maxIdleTimeExcessConnections -> 0, maxPoolSize -> 15, maxStatements -> 0, maxStatementsPerConnection -> 0, minPoolSize -> 3, numHelperThreads -> 3, numThreadsAwaitingCheckoutDefaultUser -> 0, preferredTestQuery -> null, properties -> {user=******, password=******}, propertyCycle -> 0, testConnectionOnCheckin -> false, testConnectionOnCheckout -> false, unreturnedConnectionTimeout -> 0, usesTraditionalReflectiveProxies -> false ]
2018-03-19 21:31:38 993  INFO UsersTest:29 - 赵日天
2018-03-19 21:31:38 995  INFO GenericApplicationContext:984 - Closing org.springframework.context.support.GenericApplicationContext@5649fd9b: startup date [Mon Mar 19 21:31:36 CST 2018]; root of context hierarchy
